[17.02.2022 23:45:25] Connectée avec succès.
[17.02.2022 23:45:43] Connectée avec succès.
[19.02.2022 01:06:54] Error: Veuillez vérifier si le nouvel identifiant de guilde dans les paramètres est valide.
    at Function.validateSettings (C:\Users\mathr\Desktop\Backup-main\objects\validator.js:1:3690)
    at Client.<anonymous> (C:\Users\mathr\Desktop\Backup-main\copy.js:1:8906)
    at Client.emit (node:events:402:35)
    at WebSocketConnection.triggerReady (C:\Users\mathr\Desktop\Backup-main\node_modules\discord.js-selfbot-v11\src\client\websocket\WebSocketConnection.js:125:17)
    at WebSocketConnection.checkIfReady (C:\Users\mathr\Desktop\Backup-main\node_modules\discord.js-selfbot-v11\src\client\websocket\WebSocketConnection.js:141:61)
    at ReadyHandler.handle (C:\Users\mathr\Desktop\Backup-main\node_modules\discord.js-selfbot-v11\src\client\websocket\packets\handlers\Ready.js:79:8)
    at WebSocketPacketManager.handle (C:\Users\mathr\Desktop\Backup-main\node_modules\discord.js-selfbot-v11\src\client\websocket\packets\WebSocketPacketManager.js:105:65)
    at WebSocketConnection.onPacket (C:\Users\mathr\Desktop\Backup-main\node_modules\discord.js-selfbot-v11\src\client\websocket\WebSocketConnection.js:333:35)
    at WebSocketConnection.onMessage (C:\Users\mathr\Desktop\Backup-main\node_modules\discord.js-selfbot-v11\src\client\websocket\WebSocketConnection.js:296:17)
    at WebSocket.onMessage (C:\Users\mathr\Desktop\Backup-main\node_modules\ws\lib\event-target.js:120:16)
[19.02.2022 01:07:50] Error: Veuillez vérifier si le nouvel identifiant de guilde dans les paramètres est valide.
    at Function.validateSettings (C:\Users\mathr\Desktop\Backup-main\objects\validator.js:1:3690)
    at Client.<anonymous> (C:\Users\mathr\Desktop\Backup-main\copy.js:1:8906)
    at Client.emit (node:events:402:35)
    at WebSocketConnection.triggerReady (C:\Users\mathr\Desktop\Backup-main\node_modules\discord.js-selfbot-v11\src\client\websocket\WebSocketConnection.js:125:17)
    at WebSocketConnection.checkIfReady (C:\Users\mathr\Desktop\Backup-main\node_modules\discord.js-selfbot-v11\src\client\websocket\WebSocketConnection.js:141:61)
    at ReadyHandler.handle (C:\Users\mathr\Desktop\Backup-main\node_modules\discord.js-selfbot-v11\src\client\websocket\packets\handlers\Ready.js:79:8)
    at WebSocketPacketManager.handle (C:\Users\mathr\Desktop\Backup-main\node_modules\discord.js-selfbot-v11\src\client\websocket\packets\WebSocketPacketManager.js:105:65)
    at WebSocketConnection.onPacket (C:\Users\mathr\Desktop\Backup-main\node_modules\discord.js-selfbot-v11\src\client\websocket\WebSocketConnection.js:333:35)
    at WebSocketConnection.onMessage (C:\Users\mathr\Desktop\Backup-main\node_modules\discord.js-selfbot-v11\src\client\websocket\WebSocketConnection.js:296:17)
    at WebSocket.onMessage (C:\Users\mathr\Desktop\Backup-main\node_modules\ws\lib\event-target.js:120:16)
